2024/02/09 10:22:08 Extraction complétée
2024/02/09 10:22:13 Méthode non autorisée
2024/02/09 10:22:13 http: panic serving 172.19.0.1:33098: Méthode non autorisée
goroutine 127 [running]:
net/http.(*conn).serve.func1()
	/usr/local/go/src/net/http/server.go:1868 +0xb9
panic({0x685e40?, 0xc000015c80?})
	/usr/local/go/src/runtime/panic.go:920 +0x270
log.Panic({0xc0001dba40?, 0xb0?, 0x200?})
	/usr/local/go/src/log/log.go:432 +0x5a
main.ocrHandler({0x7642e8, 0xc0001530a0}, 0xc0001fea00)
	/go/gateway/main.go:187 +0xb35
net/http.HandlerFunc.ServeHTTP(0x10?, {0x7642e8?, 0xc0001530a0?}, 0xc0001058ec?)
	/usr/local/go/src/net/http/server.go:2136 +0x29
net/http.(*ServeMux).ServeHTTP(0x40d125?, {0x7642e8, 0xc0001530a0}, 0xc0001fea00)
	/usr/local/go/src/net/http/server.go:2514 +0x142
net/http.serverHandler.ServeHTTP({0x763348?}, {0x7642e8?, 0xc0001530a0?}, 0x6?)
	/usr/local/go/src/net/http/server.go:2938 +0x8e
net/http.(*conn).serve(0xc0000954d0, {0x764920, 0xc00007cab0})
	/usr/local/go/src/net/http/server.go:2009 +0x5f4
created by net/http.(*Server).Serve in goroutine 1
	/usr/local/go/src/net/http/server.go:3086 +0x5cb
2024/02/09 10:22:13 Méthode non autorisée
2024/02/09 10:22:13 http: panic serving 172.19.0.1:52960: Méthode non autorisée
goroutine 145 [running]:
net/http.(*conn).serve.func1()
	/usr/local/go/src/net/http/server.go:1868 +0xb9
panic({0x685e40?, 0xc000015d30?})
	/usr/local/go/src/runtime/panic.go:920 +0x270
log.Panic({0xc0001dba40?, 0xb0?, 0x200?})
	/usr/local/go/src/log/log.go:432 +0x5a
main.ocrHandler({0x7642e8, 0xc000153180}, 0xc0001fec00)
	/go/gateway/main.go:187 +0xb35
net/http.HandlerFunc.ServeHTTP(0x10?, {0x7642e8?, 0xc000153180?}, 0xc0001059ac?)
	/usr/local/go/src/net/http/server.go:2136 +0x29
net/http.(*ServeMux).ServeHTTP(0x40d125?, {0x7642e8, 0xc000153180}, 0xc0001fec00)
	/usr/local/go/src/net/http/server.go:2514 +0x142
net/http.serverHandler.ServeHTTP({0x763348?}, {0x7642e8?, 0xc000153180?}, 0x6?)
	/usr/local/go/src/net/http/server.go:2938 +0x8e
net/http.(*conn).serve(0xc0001fcd80, {0x764920, 0xc00007cab0})
	/usr/local/go/src/net/http/server.go:2009 +0x5f4
created by net/http.(*Server).Serve in goroutine 1
	/usr/local/go/src/net/http/server.go:3086 +0x5cb
